-263 * 873 + 410 * 560 = 1
55 * 987 + -83 * 654 = 3
-2 * 681 + 5 * 273 = 3
-61 * 427 + 88 * 296 = 1
10 * 843 + -53 * 159 = 3
-26 * 522 + 49 * 277 = 1
-75 * 305 + 133 * 172 = 1
-17 * 494 + 56 * 150 = 2
-9 * 931 + 10 * 838 = 1
19 * 630 + -88 * 136 = 2
-347 * 8564 + 787 * 3776 = 4
507 * 7122 + -701 * 5151 = 3
-1986 * 9328 + 3199 * 5791 = 1
1125 * 6559 + -2293 * 3218 = 1
164 * 5538 + -427 * 2127 = 3
25 * 7511 + -43 * 4366 = 37
-1167 * 7395 + 3379 * 2554 = 1
243 * 8878 + -473 * 4561 = 1
1326 * 7261 + -2315 * 4159 = 1
-1606 * 5261 + 1959 * 4313 = 1
-2133 * 37356 + 5257 * 15157 = 1
9364 * 91368 + -18175 * 47074 = 2
-8419 * 25772 + 12333 * 17593 = 1
4207 * 84993 + -4258 * 83975 = 1
2921 * 45924 + -5120 * 26200 = 4
10973 * 70395 + -15266 * 50599 = 1
153 * 87163 + -178 * 74921 = 1
1243 * 39559 + -1876 * 26211 = 1
-6904 * 88667 + 8091 * 75659 = 1
-113 * 78926 + 139 * 64163 = 19
-6637 * 774378 + 11251 * 456808 = 22
33949 * 387546 + -60046 * 219112 = 2
31690 * 275252 + -68039 * 128202 = 2
835 * 478358 + -2383 * 167616 = 2
318 * 403137 + -845 * 151713 = 81
-158489 * 725529 + 307421 * 374042 = 1
296681 * 885085 + -388051 * 676684 = 1
61431 * 494514 + -119858 * 253454 = 2
-70104 * 945931 + 461225 * 143777 = 1
254229 * 631621 + -265781 * 604168 = 1
-778247 * 6520466 + 1548912 * 3276192 = 2
621225 * 6148130 + -1455316 * 2624428 = 2
-856831 * 8421429 + 2398375 * 3008596 = 1
-141577 * 6571670 + 423238 * 2198284 = 2
21 * 1520589 + -22 * 1451436 = 777
-209109 * 5545164 + 292285 * 3967168 = 4
588272 * 8410436 + -800453 * 6181030 = 2
-117097 * 3225780 + 136637 * 2764472 = 4
-871149 * 9126871 + 3791020 * 2097289 = 1
609540 * 6228638 + -1706401 * 2224919 = 1
-1451925 * 42439222 + 1611704 * 38231938 = 2
1047113 * 80540268 + -1241915 * 67907032 = 4
-6403487 * 66748557 + 6663460 * 64144381 = 1
8217657 * 79772186 + -8757370 * 74855860 = 2
27911727 * 92325415 + -44439622 * 57987932 = 1
696127 * 55864938 + -3694285 * 10526825 = 1
-9367110 * 41038219 + 12327029 * 31184279 = 1
-22918589 * 90979237 + 25410049 * 82058706 = 1
-710905 * 23794031 + 1452918 * 11642292 = 1
4157829 * 69041228 + -9264745 * 30984298 = 2
-4237445 * 752144958 + 8238932 * 386842966 = 2
-7335517 * 360582692 + 8819995 * 299893647 = 1
-268542 * 456984117 + 473833 * 258992997 = 87
15832246 * 576960096 + -19653437 * 464782530 = 6
-20298686 * 904221068 + 21816675 * 841305998 = 2
-37771247 * 913818657 + 50363924 * 685333220 = 1
-23805112 * 516983608 + 28453403 * 432526566 = 2
84628324 * 823183058 + -203596983 * 342169130 = 2
-9256517 * 912988069 + 18447186 * 458123509 = 1
-287887267 * 846733659 + 352994447 * 690559982 = 1
275156640 * 6449881980 + -546287509 * 3248706633 = 3
-712827923 * 7760145670 + 3112300719 * 1777350269 = 1
-24573070 * 8011262952 + 37080733 * 5308992282 = 66
99986431 * 5455885075 + -324234692 * 1682467947 = 1
-1218072346 * 8791716116 + 1614604687 * 6632549974 = 2
-497245319 * 9879585885 + 765249424 * 6419577305 = 5
-1347240023 * 4251195667 + 1785680427 * 3207394146 = 1
-1539094885 * 6493546166 + 3024894699 * 3303977389 = 1
-236085175 * 9545577081 + 941313856 * 2394067846 = 1
-17322627 * 6490274432 + 109936711 * 1022666606 = 2
-2713418515 * 36476524455 + 6864804278 * 14417902217 = 1
-2001356851 * 88829481226 + 5630027193 * 31577021696 = 2
18628090096 * 82119800505 + -24387937363 * 62725068533 = 1
-15391921351 * 89423153858 + 21140701076 * 65106362660 = 2
1216494903 * 71188340116 + -4786464803 * 18092737849 = 1
6558760331 * 81639721004 + -10609172673 * 50470982051 = 1
-9655576192 * 64179531378 + 15163821607 * 40866370711 = 1
-10816324587 * 49534857397 + 12452334520 * 43026879427 = 1
-3069486689 * 73097062925 + 6842766442 * 32789437365 = 5
-2037284031 * 70840439008 + 2223268375 * 64914383150 = 2
-49053450065 * 997471040846 + 163322616763 * 299587386384 = 2
221072805923 * 882036056808 + -303683160251 * 642097460533 = 1
49149206676 * 619442806392 + -70838829505 * 429780146398 = 2
10100988520 * 663436089262 + -45980277379 * 145744234341 = 1
-34579362317 * 761042939676 + 57185398287 * 460194041454 = 6
-65532396849 * 900018573891 + 326182223135 * 180820321196 = 1
-157673308907 * 586518118927 + 231669938013 * 399181064830 = 1
64878223649 * 529288119948 + -81494631335 * 421368530150 = 2
-115818254152 * 780917927045 + 229500255951 * 394093464391 = 1
-124952739794 * 742744131974 + 303622420063 * 305668844339 = 1
